{"numTotalTestSuites":6,"numPassedTestSuites":1,"numFailedTestSuites":5,"numPendingTestSuites":0,"numTotalTests":42,"numPassedTests":25,"numFailedTests":17,"numPendingTests":0,"numTodoTests":0,"snapshot":{"added":0,"failure":false,"filesAdded":0,"filesRemoved":0,"filesRemovedList":[],"filesUnmatched":0,"filesUpdated":0,"matched":0,"total":0,"unchecked":0,"uncheckedKeysByFile":[],"unmatched":0,"updated":0,"didUpdate":false},"startTime":1789693628238,"success":false,"testResults":[{"assertionResults":[{"ancestorTitles":["ProspectingFlow - Phase A"],"fullName":"ProspectingFlow - Phase A 1. bootstrap creates default flow","status":"failed","title":"1. bootstrap creates default flow","duration":434.4685999999997,"failureMessages":["AssertionError: expected undefined to be 'Divulgação de Estabelecimento' // Object.is equality\n    at C:/Users/Code/OneDrive/Documentos/plataforma-servicos/apps/api/src/modules/prospecting/prospecting-flow.test.ts:23:24\n    at processTicksAndRejections (node:internal/process/task_queues:95:5)\n    at file:///C:/Users/Code/OneDrive/Documentos/plataforma-servicos/node_modules/@vitest/runner/dist/chunk-artifact.js:1903:20"],"meta":{},"tags":[]},{"ancestorTitles":["ProspectingFlow - Phase A"],"fullName":"ProspectingFlow - Phase A 2. bootstrap does not duplicate","status":"failed","title":"2. bootstrap does not duplicate","duration":20.25689999999986,"failureMessages":["AssertionError: expected +0 to be 1 // Object.is equality\n    at C:/Users/Code/OneDrive/Documentos/plataforma-servicos/apps/api/src/modules/prospecting/prospecting-flow.test.ts:28:26\n    at processTicksAndRejections (node:internal/process/task_queues:95:5)\n    at file:///C:/Users/Code/OneDrive/Documentos/plataforma-servicos/node_modules/@vitest/runner/dist/chunk-artifact.js:1903:20"],"meta":{},"tags":[]},{"ancestorTitles":["ProspectingFlow - Phase A"],"fullName":"ProspectingFlow - Phase A 3. renaming default does not duplicate","status":"failed","title":"3. renaming default does not duplicate","duration":7.958900000000085,"failureMessages":["TypeError: Cannot read properties of null (reading 'id')\n    at C:/Users/Code/OneDrive/Documentos/plataforma-servicos/apps/api/src/modules/prospecting/prospecting-flow.test.ts:33:62\n    at processTicksAndRejections (node:internal/process/task_queues:95:5)\n    at file:///C:/Users/Code/OneDrive/Documentos/plataforma-servicos/node_modules/@vitest/runner/dist/chunk-artifact.js:1903:20"],"meta":{},"tags":[]},{"ancestorTitles":["ProspectingFlow - Phase A"],"fullName":"ProspectingFlow - Phase A 4. start step is unique","status":"failed","title":"4. start step is unique","duration":5.487300000000232,"failureMessages":["TypeError: Cannot read properties of null (reading 'id')\n    at C:/Users/Code/OneDrive/Documentos/plataforma-servicos/apps/api/src/modules/prospecting/prospecting-flow.test.ts:40:91\n    at processTicksAndRejections (node:internal/process/task_queues:95:5)\n    at file:///C:/Users/Code/OneDrive/Documentos/plataforma-servicos/node_modules/@vitest/runner/dist/chunk-artifact.js:1903:20"],"meta":{},"tags":[]},{"ancestorTitles":["ProspectingFlow - Phase A"],"fullName":"ProspectingFlow - Phase A 5. marking start step clears previous","status":"passed","title":"5. marking start step clears previous","duration":185.81770000000006,"failureMessages":[],"meta":{},"tags":[]},{"ancestorTitles":["ProspectingFlow - Phase A"],"fullName":"ProspectingFlow - Phase A 6. cannot remove unique start without blocking","status":"passed","title":"6. cannot remove unique start without blocking","duration":70.63139999999976,"failureMessages":[],"meta":{},"tags":[]},{"ancestorTitles":["ProspectingFlow - Phase A"],"fullName":"ProspectingFlow - Phase A 7. step nextStep must be in same flow","status":"passed","title":"7. step nextStep must be in same flow","duration":70.89480000000003,"failureMessages":[],"meta":{},"tags":[]},{"ancestorTitles":["ProspectingFlow - Phase A"],"fullName":"ProspectingFlow - Phase A 8. option nextStep must be in same flow","status":"passed","title":"8. option nextStep must be in same flow","duration":96.47830000000022,"failureMessages":[],"meta":{},"tags":[]},{"ancestorTitles":["ProspectingFlow - Phase A"],"fullName":"ProspectingFlow - Phase A 9. CRUD flow - create","status":"passed","title":"9. CRUD flow - create","duration":18.478399999999965,"failureMessages":[],"meta":{},"tags":[]},{"ancestorTitles":["ProspectingFlow - Phase A"],"fullName":"ProspectingFlow - Phase A 10. CRUD flow - read","status":"passed","title":"10. CRUD flow - read","duration":18.738800000000083,"failureMessages":[],"meta":{},"tags":[]},{"ancestorTitles":["ProspectingFlow - Phase A"],"fullName":"ProspectingFlow - Phase A 11. CRUD step - create","status":"passed","title":"11. CRUD step - create","duration":24.876600000000053,"failureMessages":[],"meta":{},"tags":[]},{"ancestorTitles":["ProspectingFlow - Phase A"],"fullName":"ProspectingFlow - Phase A 12. pattern type EXACT","status":"passed","title":"12. pattern type EXACT","duration":60.876700000000255,"failureMessages":[],"meta":{},"tags":[]},{"ancestorTitles":["ProspectingFlow - Phase A"],"fullName":"ProspectingFlow - Phase A 13. pattern type CONTAINS","status":"passed","title":"13. pattern type CONTAINS","duration":50.47629999999981,"failureMessages":[],"meta":{},"tags":[]},{"ancestorTitles":["ProspectingFlow - Phase A"],"fullName":"ProspectingFlow - Phase A 14. ownership - step cannot belong to different flow","status":"passed","title":"14. ownership - step cannot belong to different flow","duration":53.47569999999996,"failureMessages":[],"meta":{},"tags":[]},{"ancestorTitles":["ProspectingFlow - Phase A"],"fullName":"ProspectingFlow - Phase A 15. DTO must exclude BigInt - JSON serializable","status":"passed","title":"15. DTO must exclude BigInt - JSON serializable","duration":46.3425000000002,"failureMessages":[],"meta":{},"tags":[]},{"ancestorTitles":["ProspectingFlow - Phase A"],"fullName":"ProspectingFlow - Phase A 16. delete flow with campaign blocked","status":"failed","title":"16. delete flow with campaign blocked","duration":23.165500000000065,"failureMessages":["PrismaClientValidationError: \nInvalid `client.prospectingCampaign.create()` invocation in\nC:/Users/Code/OneDrive/Documentos/plataforma-servicos/apps/api/src/modules/prospecting/prospecting-flow.test.ts:158:38\n\n  155 \n  156 it('16. delete flow with campaign blocked', async () => {\n  157   const flow = await service.createFlow({ name: 'Del Campaign Test' });\n→ 158   await client.prospectingCampaign.create({\n          data: {\n            publicId: \"2e6568b7-ed3d-4075-96be-f2c71749ce4a\",\n            name: \"C\",\n            contactTemplate: \"T\",\n            ~~~~~~~~~~~~~~~\n            flowId: 75n,\n        ?   id?: BigInt,\n        ?   status?: ProspectingCampaignStatus,\n        ?   state?: String | Null,\n        ?   city?: String | Null,\n        ?   dailyLimit?: Int,\n        ?   sendingStartMinutes?: Int,\n        ?   sendingEndMinutes?: Int,\n        ?   minIntervalSeconds?: Int,\n        ?   maxIntervalSeconds?: Int,\n        ?   allowedWeekdays?: JsonNullValueInput | Json,\n        ?   followUpEnabled?: Boolean,\n        ?   followUpAfterHours?: Int | Null,\n        ?   maxFollowUps?: Int,\n        ?   pauseOnReply?: Boolean,\n        ?   pauseOnInterest?: Boolean,\n        ?   autoReplyEnabled?: Boolean,\n        ?   startedAt?: DateTime | Null,\n        ?   pausedAt?: DateTime | Null,\n        ?   completedAt?: DateTime | Null,\n        ?   nextSendAt?: DateTime | Null,\n        ?   createdAt?: DateTime,\n        ?   updatedAt?: DateTime,\n        ?   category?: DirectoryCategoryCreateNestedOneWithoutProspectingCampaignsInput,\n        ?   flow?: ProspectingFlowCreateNestedOneWithoutCampaignsInput,\n        ?   leads?: ProspectingLeadCreateNestedManyWithoutCampaignInput,\n        ?   messages?: ProspectingMessageCreateNestedManyWithoutCampaignInput,\n        ?   templates?: ProspectingTemplateCreateNestedManyWithoutCampaignInput,\n        ?   suppressions?: ProspectingSuppressionCreateNestedManyWithoutCampaignInput,\n        ?   objectionExclusions?: ProspectingObjectionExclusionCreateNestedManyWithoutCampaignInput,\n        ?   flowExecutions?: ProspectingFlowExecutionCreateNestedManyWithoutCampaignInput\n          }\n        })\n\nUnknown argument `contactTemplate`. Available options are marked with ?.\n    at ar (C:\\Users\\Code\\OneDrive\\Documentos\\plataforma-servicos\\node_modules\\@prisma\\client\\runtime\\client.js:10:1374)\n    at Jr.handleRequestError (C:\\Users\\Code\\OneDrive\\Documentos\\plataforma-servicos\\node_modules\\@prisma\\client\\runtime\\client.js:65:7929)\n    at Jr.handleAndLogRequestError (C:\\Users\\Code\\OneDrive\\Documentos\\plataforma-servicos\\node_modules\\@prisma\\client\\runtime\\client.js:65:7581)\n    at Jr.request (C:\\Users\\Code\\OneDrive\\Documentos\\plataforma-servicos\\node_modules\\@prisma\\client\\runtime\\client.js:65:7288)\n    at processTicksAndRejections (node:internal/process/task_queues:95:5)\n    at a (C:\\Users\\Code\\OneDrive\\Documentos\\plataforma-servicos\\node_modules\\@prisma\\client\\runtime\\client.js:99:6862)\n    at C:/Users/Code/OneDrive/Documentos/plataforma-servicos/apps/api/src/modules/prospecting/prospecting-flow.test.ts:158:5\n    at file:///C:/Users/Code/OneDrive/Documentos/plataforma-servicos/node_modules/@vitest/runner/dist/chunk-artifact.js:1903:20"],"meta":{},"tags":[]},{"ancestorTitles":["ProspectingFlow - Phase A"],"fullName":"ProspectingFlow - Phase A 17. delete flow with execution blocked","status":"failed","title":"17. delete flow with execution blocked","duration":21.90229999999974,"failureMessages":["PrismaClientValidationError: \nInvalid `client.prospectingCampaign.create()` invocation in\nC:/Users/Code/OneDrive/Documentos/plataforma-servicos/apps/api/src/modules/prospecting/prospecting-flow.test.ts:175:55\n\n  172 it('17. delete flow with execution blocked', async () => {\n  173   const flow = await service.createFlow({ name: 'Del Exec Test' });\n  174   const step = await service.createStep({ flowId: flow.id, name: 'S', message: 'M', stepType: 'MESSAGE_ONLY', position: 0, isStart: true });\n→ 175   const campaign = await client.prospectingCampaign.create({\n          data: {\n            publicId: \"f77cf8e3-37cf-4265-95ea-889988e2c9e7\",\n            name: \"C\",\n            contactTemplate: \"T\",\n            ~~~~~~~~~~~~~~~\n            flowId: 76n,\n        ?   id?: BigInt,\n        ?   status?: ProspectingCampaignStatus,\n        ?   state?: String | Null,\n        ?   city?: String | Null,\n        ?   dailyLimit?: Int,\n        ?   sendingStartMinutes?: Int,\n        ?   sendingEndMinutes?: Int,\n        ?   minIntervalSeconds?: Int,\n        ?   maxIntervalSeconds?: Int,\n        ?   allowedWeekdays?: JsonNullValueInput | Json,\n        ?   followUpEnabled?: Boolean,\n        ?   followUpAfterHours?: Int | Null,\n        ?   maxFollowUps?: Int,\n        ?   pauseOnReply?: Boolean,\n        ?   pauseOnInterest?: Boolean,\n        ?   autoReplyEnabled?: Boolean,\n        ?   startedAt?: DateTime | Null,\n        ?   pausedAt?: DateTime | Null,\n        ?   completedAt?: DateTime | Null,\n        ?   nextSendAt?: DateTime | Null,\n        ?   createdAt?: DateTime,\n        ?   updatedAt?: DateTime,\n        ?   category?: DirectoryCategoryCreateNestedOneWithoutProspectingCampaignsInput,\n        ?   flow?: ProspectingFlowCreateNestedOneWithoutCampaignsInput,\n        ?   leads?: ProspectingLeadCreateNestedManyWithoutCampaignInput,\n        ?   messages?: ProspectingMessageCreateNestedManyWithoutCampaignInput,\n        ?   templates?: ProspectingTemplateCreateNestedManyWithoutCampaignInput,\n        ?   suppressions?: ProspectingSuppressionCreateNestedManyWithoutCampaignInput,\n        ?   objectionExclusions?: ProspectingObjectionExclusionCreateNestedManyWithoutCampaignInput,\n        ?   flowExecutions?: ProspectingFlowExecutionCreateNestedManyWithoutCampaignInput\n          }\n        })\n\nUnknown argument `contactTemplate`. Available options are marked with ?.\n    at ar (C:\\Users\\Code\\OneDrive\\Documentos\\plataforma-servicos\\node_modules\\@prisma\\client\\runtime\\client.js:10:1374)\n    at Jr.handleRequestError (C:\\Users\\Code\\OneDrive\\Documentos\\plataforma-servicos\\node_modules\\@prisma\\client\\runtime\\client.js:65:7929)\n    at Jr.handleAndLogRequestError (C:\\Users\\Code\\OneDrive\\Documentos\\plataforma-servicos\\node_modules\\@prisma\\client\\runtime\\client.js:65:7581)\n    at Jr.request (C:\\Users\\Code\\OneDrive\\Documentos\\plataforma-servicos\\node_modules\\@prisma\\client\\runtime\\client.js:65:7288)\n    at processTicksAndRejections (node:internal/process/task_queues:95:5)\n    at a (C:\\Users\\Code\\OneDrive\\Documentos\\plataforma-servicos\\node_modules\\@prisma\\client\\runtime\\client.js:99:6862)\n    at C:/Users/Code/OneDrive/Documentos/plataforma-servicos/apps/api/src/modules/prospecting/prospecting-flow.test.ts:175:22\n    at file:///C:/Users/Code/OneDrive/Documentos/plataforma-servicos/node_modules/@vitest/runner/dist/chunk-artifact.js:1903:20"],"meta":{},"tags":[]},{"ancestorTitles":["ProspectingFlow - Phase A"],"fullName":"ProspectingFlow - Phase A 18. delete default DIRECTORY_PUBLICATION blocked","status":"passed","title":"18. delete default DIRECTORY_PUBLICATION blocked","duration":2.706500000000233,"failureMessages":[],"meta":{},"tags":[]},{"ancestorTitles":["ProspectingFlow - Phase A"],"fullName":"ProspectingFlow - Phase A 19. delete start step blocked","status":"failed","title":"19. delete start step blocked","duration":40.937700000000405,"failureMessages":["AssertionError: expected undefined to be defined\n    at C:/Users/Code/OneDrive/Documentos/plataforma-servicos/apps/api/src/modules/prospecting/prospecting-flow.test.ts:217:17\n    at processTicksAndRejections (node:internal/process/task_queues:95:5)\n    at file:///C:/Users/Code/OneDrive/Documentos/plataforma-servicos/node_modules/@vitest/runner/dist/chunk-artifact.js:1903:20"],"meta":{},"tags":[]},{"ancestorTitles":["ProspectingFlow - Phase A"],"fullName":"ProspectingFlow - Phase A 20. WAIT_LINK has nextStep and no option","status":"failed","title":"20. WAIT_LINK has nextStep and no option","duration":5.490199999999277,"failureMessages":["TypeError: Cannot read properties of null (reading 'id')\n    at C:/Users/Code/OneDrive/Documentos/plataforma-servicos/apps/api/src/modules/prospecting/prospecting-flow.test.ts:222:94\n    at processTicksAndRejections (node:internal/process/task_queues:95:5)\n    at file:///C:/Users/Code/OneDrive/Documentos/plataforma-servicos/node_modules/@vitest/runner/dist/chunk-artifact.js:1903:20"],"meta":{},"tags":[]},{"ancestorTitles":["ProspectingFlow - nextStepPublicId Serialization"],"fullName":"ProspectingFlow - nextStepPublicId Serialization GET flow detail serializes nextStepPublicId as UUID, not string literal","status":"passed","title":"GET flow detail serializes nextStepPublicId as UUID, not string literal","duration":85.81840000000011,"failureMessages":[],"meta":{},"tags":[]},{"ancestorTitles":["ProspectingFlow - nextStepPublicId Serialization"],"fullName":"ProspectingFlow - nextStepPublicId Serialization step without nextStepId has null nextStepPublicId","status":"passed","title":"step without nextStepId has null nextStepPublicId","duration":30.39509999999973,"failureMessages":[],"meta":{},"tags":[]},{"ancestorTitles":["ProspectingFlow - nextStepPublicId Serialization"],"fullName":"ProspectingFlow - nextStepPublicId Serialization option nextStepPublicId serializes as UUID","status":"passed","title":"option nextStepPublicId serializes as UUID","duration":87.16329999999925,"failureMessages":[],"meta":{},"tags":[]},{"ancestorTitles":["ProspectingFlow - nextStepPublicId Serialization"],"fullName":"ProspectingFlow - nextStepPublicId Serialization PUT flow returns complete contract with stepsCount","status":"passed","title":"PUT flow returns complete contract with stepsCount","duration":72.45809999999983,"failureMessages":[],"meta":{},"tags":[]},{"ancestorTitles":["ProspectingFlow - MESSAGE_OPTIONS with optionIds (OPÇÃO 2) - Real Pipeline"],"fullName":"ProspectingFlow - MESSAGE_OPTIONS with optionIds (OPÇÃO 2) - Real Pipeline A. Button reply com outbound SENT → resolve opção[0] corretamente","status":"failed","title":"A. Button reply com outbound SENT → resolve opção[0] corretamente","duration":31.88300000000072,"failureMessages":["PrismaClientValidationError: \nInvalid `this.client.prospectingFlowOption.create()` invocation in\nC:/Users/Code/OneDrive/Documentos/plataforma-servicos/apps/api/src/modules/prospecting/prospecting-flow.service.ts:171:46\n\n  168 \n  169 // Flow Option CRUD\n  170 async createOption(data: CreateFlowOptionInput): Promise<ProspectingFlowOption> {\n→ 171   return this.client.prospectingFlowOption.create({\n          data: {\n            publicId: \"e5b315a6-4f9b-4f52-9beb-5e48e23a4940\",\n            stepId: undefined,\n            nextStepId: null,\n            actionType: undefined,\n            position: undefined,\n        +   label: String\n          }\n        })\n\nArgument `label` is missing.\n    at ar (C:\\Users\\Code\\OneDrive\\Documentos\\plataforma-servicos\\node_modules\\@prisma\\client\\runtime\\client.js:10:1374)\n    at Jr.handleRequestError (C:\\Users\\Code\\OneDrive\\Documentos\\plataforma-servicos\\node_modules\\@prisma\\client\\runtime\\client.js:65:7929)\n    at Jr.handleAndLogRequestError (C:\\Users\\Code\\OneDrive\\Documentos\\plataforma-servicos\\node_modules\\@prisma\\client\\runtime\\client.js:65:7581)\n    at Jr.request (C:\\Users\\Code\\OneDrive\\Documentos\\plataforma-servicos\\node_modules\\@prisma\\client\\runtime\\client.js:65:7288)\n    at processTicksAndRejections (node:internal/process/task_queues:95:5)\n    at a (C:\\Users\\Code\\OneDrive\\Documentos\\plataforma-servicos\\node_modules\\@prisma\\client\\runtime\\client.js:99:6862)\n    at C:/Users/Code/OneDrive/Documentos/plataforma-servicos/apps/api/src/modules/prospecting/prospecting-flow.test.ts:331:18\n    at file:///C:/Users/Code/OneDrive/Documentos/plataforma-servicos/node_modules/@vitest/runner/dist/chunk-artifact.js:1903:20"],"meta":{},"tags":[]},{"ancestorTitles":["ProspectingFlow - MESSAGE_OPTIONS with optionIds (OPÇÃO 2) - Real Pipeline"],"fullName":"ProspectingFlow - MESSAGE_OPTIONS with optionIds (OPÇÃO 2) - Real Pipeline B. Button reply com outbound DELIVERED → resolve mesmo sem SENT","status":"failed","title":"B. Button reply com outbound DELIVERED → resolve mesmo sem SENT","duration":29.427099999999882,"failureMessages":["PrismaClientValidationError: \nInvalid `this.client.prospectingFlowOption.create()` invocation in\nC:/Users/Code/OneDrive/Documentos/plataforma-servicos/apps/api/src/modules/prospecting/prospecting-flow.service.ts:171:46\n\n  168 \n  169 // Flow Option CRUD\n  170 async createOption(data: CreateFlowOptionInput): Promise<ProspectingFlowOption> {\n→ 171   return this.client.prospectingFlowOption.create({\n          data: {\n            publicId: \"f788c56d-a6ea-451d-9bd1-3a85dda3659e\",\n            stepId: undefined,\n            nextStepId: null,\n            actionType: undefined,\n            position: undefined,\n        +   label: String\n          }\n        })\n\nArgument `label` is missing.\n    at ar (C:\\Users\\Code\\OneDrive\\Documentos\\plataforma-servicos\\node_modules\\@prisma\\client\\runtime\\client.js:10:1374)\n    at Jr.handleRequestError (C:\\Users\\Code\\OneDrive\\Documentos\\plataforma-servicos\\node_modules\\@prisma\\client\\runtime\\client.js:65:7929)\n    at Jr.handleAndLogRequestError (C:\\Users\\Code\\OneDrive\\Documentos\\plataforma-servicos\\node_modules\\@prisma\\client\\runtime\\client.js:65:7581)\n    at Jr.request (C:\\Users\\Code\\OneDrive\\Documentos\\plataforma-servicos\\node_modules\\@prisma\\client\\runtime\\client.js:65:7288)\n    at processTicksAndRejections (node:internal/process/task_queues:95:5)\n    at a (C:\\Users\\Code\\OneDrive\\Documentos\\plataforma-servicos\\node_modules\\@prisma\\client\\runtime\\client.js:99:6862)\n    at C:/Users/Code/OneDrive/Documentos/plataforma-servicos/apps/api/src/modules/prospecting/prospecting-flow.test.ts:367:17\n    at file:///C:/Users/Code/OneDrive/Documentos/plataforma-servicos/node_modules/@vitest/runner/dist/chunk-artifact.js:1903:20"],"meta":{},"tags":[]},{"ancestorTitles":["ProspectingFlow - MESSAGE_OPTIONS with optionIds (OPÇÃO 2) - Real Pipeline"],"fullName":"ProspectingFlow - MESSAGE_OPTIONS with optionIds (OPÇÃO 2) - Real Pipeline C. Button reply com outbound READ → resolve sem depender de SENT","status":"failed","title":"C. Button reply com outbound READ → resolve sem depender de SENT","duration":26.943600000000515,"failureMessages":["PrismaClientValidationError: \nInvalid `this.client.prospectingFlowOption.create()` invocation in\nC:/Users/Code/OneDrive/Documentos/plataforma-servicos/apps/api/src/modules/prospecting/prospecting-flow.service.ts:171:46\n\n  168 \n  169 // Flow Option CRUD\n  170 async createOption(data: CreateFlowOptionInput): Promise<ProspectingFlowOption> {\n→ 171   return this.client.prospectingFlowOption.create({\n          data: {\n            publicId: \"b261b77b-1327-449c-870a-d538864c841e\",\n            stepId: undefined,\n            nextStepId: null,\n            actionType: undefined,\n            position: undefined,\n        +   label: String\n          }\n        })\n\nArgument `label` is missing.\n    at ar (C:\\Users\\Code\\OneDrive\\Documentos\\plataforma-servicos\\node_modules\\@prisma\\client\\runtime\\client.js:10:1374)\n    at Jr.handleRequestError (C:\\Users\\Code\\OneDrive\\Documentos\\plataforma-servicos\\node_modules\\@prisma\\client\\runtime\\client.js:65:7929)\n    at Jr.handleAndLogRequestError (C:\\Users\\Code\\OneDrive\\Documentos\\plataforma-servicos\\node_modules\\@prisma\\client\\runtime\\client.js:65:7581)\n    at Jr.request (C:\\Users\\Code\\OneDrive\\Documentos\\plataforma-servicos\\node_modules\\@prisma\\client\\runtime\\client.js:65:7288)\n    at processTicksAndRejections (node:internal/process/task_queues:95:5)\n    at a (C:\\Users\\Code\\OneDrive\\Documentos\\plataforma-servicos\\node_modules\\@prisma\\client\\runtime\\client.js:99:6862)\n    at C:/Users/Code/OneDrive/Documentos/plataforma-servicos/apps/api/src/modules/prospecting/prospecting-flow.test.ts:407:17\n    at file:///C:/Users/Code/OneDrive/Documentos/plataforma-servicos/node_modules/@vitest/runner/dist/chunk-artifact.js:1903:20"],"meta":{},"tags":[]},{"ancestorTitles":["ProspectingFlow - MESSAGE_OPTIONS with optionIds (OPÇÃO 2) - Real Pipeline"],"fullName":"ProspectingFlow - MESSAGE_OPTIONS with optionIds (OPÇÃO 2) - Real Pipeline D. selectedIndex válido (0 e 1) → resolve opção correta","status":"passed","title":"D. selectedIndex válido (0 e 1) → resolve opção correta","duration":0.7962999999999738,"failureMessages":[],"meta":{},"tags":[]},{"ancestorTitles":["ProspectingFlow - MESSAGE_OPTIONS with optionIds (OPÇÃO 2) - Real Pipeline"],"fullName":"ProspectingFlow - MESSAGE_OPTIONS with optionIds (OPÇÃO 2) - Real Pipeline E. selectedIndex inválido (negativo ou >= length) → rejeita","status":"passed","title":"E. selectedIndex inválido (negativo ou >= length) → rejeita","duration":0.41349999999965803,"failureMessages":[],"meta":{},"tags":[]},{"ancestorTitles":["ProspectingFlow - MESSAGE_OPTIONS with optionIds (OPÇÃO 2) - Real Pipeline"],"fullName":"ProspectingFlow - MESSAGE_OPTIONS with optionIds (OPÇÃO 2) - Real Pipeline F. Outbound antigo sem optionIds → fallback para text matching","status":"failed","title":"F. Outbound antigo sem optionIds → fallback para text matching","duration":19.244700000000194,"failureMessages":["PrismaClientKnownRequestError: \nInvalid `client.prospectingMessage.create()` invocation in\nC:/Users/Code/OneDrive/Documentos/plataforma-servicos/apps/api/src/modules/prospecting/prospecting-flow.test.ts:458:54\n\n  455 \n  456 it('F. Outbound antigo sem optionIds → fallback para text matching', async () => {\n  457   // Mensagem criada ANTES da migration (optionIds = null)\n→ 458   const outbound = await client.prospectingMessage.create(\nForeign key constraint violated on the fields: (`campaign_id`)\n    at Jr.handleRequestError (C:\\Users\\Code\\OneDrive\\Documentos\\plataforma-servicos\\node_modules\\@prisma\\client\\runtime\\client.js:65:8286)\n    at Jr.handleAndLogRequestError (C:\\Users\\Code\\OneDrive\\Documentos\\plataforma-servicos\\node_modules\\@prisma\\client\\runtime\\client.js:65:7581)\n    at Jr.request (C:\\Users\\Code\\OneDrive\\Documentos\\plataforma-servicos\\node_modules\\@prisma\\client\\runtime\\client.js:65:7288)\n    at processTicksAndRejections (node:internal/process/task_queues:95:5)\n    at a (C:\\Users\\Code\\OneDrive\\Documentos\\plataforma-servicos\\node_modules\\@prisma\\client\\runtime\\client.js:99:6862)\n    at C:/Users/Code/OneDrive/Documentos/plataforma-servicos/apps/api/src/modules/prospecting/prospecting-flow.test.ts:458:22\n    at file:///C:/Users/Code/OneDrive/Documentos/plataforma-servicos/node_modules/@vitest/runner/dist/chunk-artifact.js:1903:20"],"meta":{},"tags":[]},{"ancestorTitles":["ProspectingFlow - MESSAGE_OPTIONS with optionIds (OPÇÃO 2) - Real Pipeline"],"fullName":"ProspectingFlow - MESSAGE_OPTIONS with optionIds (OPÇÃO 2) - Real Pipeline G. Texto livre (sem selectedIndex, selectedIndex=null) → patterns funcionam","status":"passed","title":"G. Texto livre (sem selectedIndex, selectedIndex=null) → patterns funcionam","duration":0.3613000000004831,"failureMessages":[],"meta":{},"tags":[]},{"ancestorTitles":["ProspectingFlow - MESSAGE_OPTIONS with optionIds (OPÇÃO 2) - Real Pipeline"],"fullName":"ProspectingFlow - MESSAGE_OPTIONS with optionIds (OPÇÃO 2) - Real Pipeline H. Stale option (option.stepId !== execution.currentStepId) → rejeita","status":"failed","title":"H. Stale option (option.stepId !== execution.currentStepId) → rejeita","duration":34.530399999999645,"failureMessages":["PrismaClientValidationError: \nInvalid `this.client.prospectingFlowOption.create()` invocation in\nC:/Users/Code/OneDrive/Documentos/plataforma-servicos/apps/api/src/modules/prospecting/prospecting-flow.service.ts:171:46\n\n  168 \n  169 // Flow Option CRUD\n  170 async createOption(data: CreateFlowOptionInput): Promise<ProspectingFlowOption> {\n→ 171   return this.client.prospectingFlowOption.create({\n          data: {\n            publicId: \"ec1eea4e-64e4-41ef-bebe-8a6280f20656\",\n            stepId: undefined,\n            nextStepId: null,\n            actionType: undefined,\n            position: undefined,\n        +   label: String\n          }\n        })\n\nArgument `label` is missing.\n    at ar (C:\\Users\\Code\\OneDrive\\Documentos\\plataforma-servicos\\node_modules\\@prisma\\client\\runtime\\client.js:10:1374)\n    at Jr.handleRequestError (C:\\Users\\Code\\OneDrive\\Documentos\\plataforma-servicos\\node_modules\\@prisma\\client\\runtime\\client.js:65:7929)\n    at Jr.handleAndLogRequestError (C:\\Users\\Code\\OneDrive\\Documentos\\plataforma-servicos\\node_modules\\@prisma\\client\\runtime\\client.js:65:7581)\n    at Jr.request (C:\\Users\\Code\\OneDrive\\Documentos\\plataforma-servicos\\node_modules\\@prisma\\client\\runtime\\client.js:65:7288)\n    at processTicksAndRejections (node:internal/process/task_queues:95:5)\n    at a (C:\\Users\\Code\\OneDrive\\Documentos\\plataforma-servicos\\node_modules\\@prisma\\client\\runtime\\client.js:99:6862)\n    at C:/Users/Code/OneDrive/Documentos/plataforma-servicos/apps/api/src/modules/prospecting/prospecting-flow.test.ts:501:18\n    at file:///C:/Users/Code/OneDrive/Documentos/plataforma-servicos/node_modules/@vitest/runner/dist/chunk-artifact.js:1903:20"],"meta":{},"tags":[]},{"ancestorTitles":["ProspectingFlow - MESSAGE_OPTIONS with optionIds (OPÇÃO 2) - Real Pipeline"],"fullName":"ProspectingFlow - MESSAGE_OPTIONS with optionIds (OPÇÃO 2) - Real Pipeline I. Option de outro step → rejeita (cross-step violation)","status":"failed","title":"I. Option de outro step → rejeita (cross-step violation)","duration":34.579900000000634,"failureMessages":["PrismaClientValidationError: \nInvalid `this.client.prospectingFlowOption.create()` invocation in\nC:/Users/Code/OneDrive/Documentos/plataforma-servicos/apps/api/src/modules/prospecting/prospecting-flow.service.ts:171:46\n\n  168 \n  169 // Flow Option CRUD\n  170 async createOption(data: CreateFlowOptionInput): Promise<ProspectingFlowOption> {\n→ 171   return this.client.prospectingFlowOption.create({\n          data: {\n            publicId: \"ed67df52-d67f-4bc1-8df6-5e62d17eb309\",\n            stepId: undefined,\n            nextStepId: null,\n            actionType: undefined,\n            position: undefined,\n        +   label: String\n          }\n        })\n\nArgument `label` is missing.\n    at ar (C:\\Users\\Code\\OneDrive\\Documentos\\plataforma-servicos\\node_modules\\@prisma\\client\\runtime\\client.js:10:1374)\n    at Jr.handleRequestError (C:\\Users\\Code\\OneDrive\\Documentos\\plataforma-servicos\\node_modules\\@prisma\\client\\runtime\\client.js:65:7929)\n    at Jr.handleAndLogRequestError (C:\\Users\\Code\\OneDrive\\Documentos\\plataforma-servicos\\node_modules\\@prisma\\client\\runtime\\client.js:65:7581)\n    at Jr.request (C:\\Users\\Code\\OneDrive\\Documentos\\plataforma-servicos\\node_modules\\@prisma\\client\\runtime\\client.js:65:7288)\n    at processTicksAndRejections (node:internal/process/task_queues:95:5)\n    at a (C:\\Users\\Code\\OneDrive\\Documentos\\plataforma-servicos\\node_modules\\@prisma\\client\\runtime\\client.js:99:6862)\n    at C:/Users/Code/OneDrive/Documentos/plataforma-servicos/apps/api/src/modules/prospecting/prospecting-flow.test.ts:528:22\n    at file:///C:/Users/Code/OneDrive/Documentos/plataforma-servicos/node_modules/@vitest/runner/dist/chunk-artifact.js:1903:20"],"meta":{},"tags":[]},{"ancestorTitles":["ProspectingFlow - MESSAGE_OPTIONS with optionIds (OPÇÃO 2) - Real Pipeline"],"fullName":"ProspectingFlow - MESSAGE_OPTIONS with optionIds (OPÇÃO 2) - Real Pipeline J. Outbound de outra campanha → não cruza contexto","status":"failed","title":"J. Outbound de outra campanha → não cruza contexto","duration":16.445400000000518,"failureMessages":["PrismaClientKnownRequestError: \nInvalid `client.prospectingMessage.create()` invocation in\nC:/Users/Code/OneDrive/Documentos/plataforma-servicos/apps/api/src/modules/prospecting/prospecting-flow.test.ts:536:54\n\n  533 });\n  534 \n  535 it('J. Outbound de outra campanha → não cruza contexto', async () => {\n→ 536   const camp1Msg = await client.prospectingMessage.create(\nForeign key constraint violated on the fields: (`campaign_id`)\n    at Jr.handleRequestError (C:\\Users\\Code\\OneDrive\\Documentos\\plataforma-servicos\\node_modules\\@prisma\\client\\runtime\\client.js:65:8286)\n    at Jr.handleAndLogRequestError (C:\\Users\\Code\\OneDrive\\Documentos\\plataforma-servicos\\node_modules\\@prisma\\client\\runtime\\client.js:65:7581)\n    at Jr.request (C:\\Users\\Code\\OneDrive\\Documentos\\plataforma-servicos\\node_modules\\@prisma\\client\\runtime\\client.js:65:7288)\n    at processTicksAndRejections (node:internal/process/task_queues:95:5)\n    at a (C:\\Users\\Code\\OneDrive\\Documentos\\plataforma-servicos\\node_modules\\@prisma\\client\\runtime\\client.js:99:6862)\n    at C:/Users/Code/OneDrive/Documentos/plataforma-servicos/apps/api/src/modules/prospecting/prospecting-flow.test.ts:536:22\n    at file:///C:/Users/Code/OneDrive/Documentos/plataforma-servicos/node_modules/@vitest/runner/dist/chunk-artifact.js:1903:20"],"meta":{},"tags":[]},{"ancestorTitles":["ProspectingFlow - MESSAGE_OPTIONS with optionIds (OPÇÃO 2) - Real Pipeline"],"fullName":"ProspectingFlow - MESSAGE_OPTIONS with optionIds (OPÇÃO 2) - Real Pipeline K. Button reply válido → FlowResponse criada com matchedOptionId","status":"passed","title":"K. Button reply válido → FlowResponse criada com matchedOptionId","duration":0.5164000000004307,"failureMessages":[],"meta":{},"tags":[]},{"ancestorTitles":["ProspectingFlow - Regression: Execution Existing with MESSAGE_OPTIONS"],"fullName":"ProspectingFlow - Regression: Execution Existing with MESSAGE_OPTIONS L. Execution existente MESSAGE_OPTIONS → carrega options, não falha","status":"failed","title":"L. Execution existente MESSAGE_OPTIONS → carrega options, não falha","duration":40.02729999999974,"failureMessages":["PrismaClientValidationError: \nInvalid `this.client.prospectingFlowOption.create()` invocation in\nC:/Users/Code/OneDrive/Documentos/plataforma-servicos/apps/api/src/modules/prospecting/prospecting-flow.service.ts:171:46\n\n  168 \n  169 // Flow Option CRUD\n  170 async createOption(data: CreateFlowOptionInput): Promise<ProspectingFlowOption> {\n→ 171   return this.client.prospectingFlowOption.create({\n          data: {\n            publicId: \"0c60ff41-5a66-4ea3-b6ad-399b73faab27\",\n            stepId: undefined,\n            nextStepId: null,\n            actionType: undefined,\n            position: undefined,\n        +   label: String\n          }\n        })\n\nArgument `label` is missing.\n    at ar (C:\\Users\\Code\\OneDrive\\Documentos\\plataforma-servicos\\node_modules\\@prisma\\client\\runtime\\client.js:10:1374)\n    at Jr.handleRequestError (C:\\Users\\Code\\OneDrive\\Documentos\\plataforma-servicos\\node_modules\\@prisma\\client\\runtime\\client.js:65:7929)\n    at Jr.handleAndLogRequestError (C:\\Users\\Code\\OneDrive\\Documentos\\plataforma-servicos\\node_modules\\@prisma\\client\\runtime\\client.js:65:7581)\n    at Jr.request (C:\\Users\\Code\\OneDrive\\Documentos\\plataforma-servicos\\node_modules\\@prisma\\client\\runtime\\client.js:65:7288)\n    at processTicksAndRejections (node:internal/process/task_queues:95:5)\n    at a (C:\\Users\\Code\\OneDrive\\Documentos\\plataforma-servicos\\node_modules\\@prisma\\client\\runtime\\client.js:99:6862)\n    at C:/Users/Code/OneDrive/Documentos/plataforma-servicos/apps/api/src/modules/prospecting/prospecting-flow.test.ts:601:19\n    at file:///C:/Users/Code/OneDrive/Documentos/plataforma-servicos/node_modules/@vitest/runner/dist/chunk-artifact.js:1903:20"],"meta":{},"tags":[]},{"ancestorTitles":["ProspectingFlow - Event-Type Based Routing"],"fullName":"ProspectingFlow - Event-Type Based Routing 1. campaign COM flow + BUTTON_REPLY → FlowEngine, NOT ObjectionEngine","status":"failed","title":"1. campaign COM flow + BUTTON_REPLY → FlowEngine, NOT ObjectionEngine","duration":30.853000000000065,"failureMessages":["PrismaClientValidationError: \nInvalid `this.client.prospectingFlowOption.create()` invocation in\nC:/Users/Code/OneDrive/Documentos/plataforma-servicos/apps/api/src/modules/prospecting/prospecting-flow.service.ts:171:46\n\n  168 \n  169 // Flow Option CRUD\n  170 async createOption(data: CreateFlowOptionInput): Promise<ProspectingFlowOption> {\n→ 171   return this.client.prospectingFlowOption.create({\n          data: {\n            publicId: \"ec42d709-b845-4f54-bf17-a6cadef486dc\",\n            stepId: undefined,\n            nextStepId: null,\n            actionType: undefined,\n            position: undefined,\n        +   label: String\n          }\n        })\n\nArgument `label` is missing.\n    at ar (C:\\Users\\Code\\OneDrive\\Documentos\\plataforma-servicos\\node_modules\\@prisma\\client\\runtime\\client.js:10:1374)\n    at Jr.handleRequestError (C:\\Users\\Code\\OneDrive\\Documentos\\plataforma-servicos\\node_modules\\@prisma\\client\\runtime\\client.js:65:7929)\n    at Jr.handleAndLogRequestError (C:\\Users\\Code\\OneDrive\\Documentos\\plataforma-servicos\\node_modules\\@prisma\\client\\runtime\\client.js:65:7581)\n    at Jr.request (C:\\Users\\Code\\OneDrive\\Documentos\\plataforma-servicos\\node_modules\\@prisma\\client\\runtime\\client.js:65:7288)\n    at processTicksAndRejections (node:internal/process/task_queues:95:5)\n    at a (C:\\Users\\Code\\OneDrive\\Documentos\\plataforma-servicos\\node_modules\\@prisma\\client\\runtime\\client.js:99:6862)\n    at C:/Users/Code/OneDrive/Documentos/plataforma-servicos/apps/api/src/modules/prospecting/prospecting-flow.test.ts:690:17\n    at file:///C:/Users/Code/OneDrive/Documentos/plataforma-servicos/node_modules/@vitest/runner/dist/chunk-artifact.js:1903:20"],"meta":{},"tags":[]},{"ancestorTitles":["ProspectingFlow - Event-Type Based Routing"],"fullName":"ProspectingFlow - Event-Type Based Routing 2. campaign COM flow + MESSAGE_RECEIVED → ObjectionEngine, NOT FlowEngine","status":"passed","title":"2. campaign COM flow + MESSAGE_RECEIVED → ObjectionEngine, NOT FlowEngine","duration":12.386500000000524,"failureMessages":[],"meta":{},"tags":[]},{"ancestorTitles":["ProspectingFlow - Event-Type Based Routing"],"fullName":"ProspectingFlow - Event-Type Based Routing 3. campaign SEM flow + MESSAGE_RECEIVED → ObjectionEngine","status":"passed","title":"3. campaign SEM flow + MESSAGE_RECEIVED → ObjectionEngine","duration":0.375,"failureMessages":[],"meta":{},"tags":[]},{"ancestorTitles":["ProspectingFlow - Event-Type Based Routing"],"fullName":"ProspectingFlow - Event-Type Based Routing 4. opt-out + campaign com flow → opt-out ganha prioridade","status":"passed","title":"4. opt-out + campaign com flow → opt-out ganha prioridade","duration":0.27919999999994616,"failureMessages":[],"meta":{},"tags":[]},{"ancestorTitles":["ProspectingFlow - Event-Type Based Routing"],"fullName":"ProspectingFlow - Event-Type Based Routing 5. MESSAGE_RECEIVED ambígua → fail-closed, não escolhe lead arbitrário","status":"passed","title":"5. MESSAGE_RECEIVED ambígua → fail-closed, não escolhe lead arbitrário","duration":0.24990000000070722,"failureMessages":[],"meta":{},"tags":[]},{"ancestorTitles":["ProspectingFlow - Event-Type Based Routing"],"fullName":"ProspectingFlow - Event-Type Based Routing 6. execution MANUAL / FLOW_MANUAL → não avança flow automaticamente","status":"passed","title":"6. execution MANUAL / FLOW_MANUAL → não avança flow automaticamente","duration":0.24160000000028958,"failureMessages":[],"meta":{},"tags":[]}],"startTime":1789693630145,"endTime":1789693631964.25,"status":"failed","message":"","name":"C:/Users/Code/OneDrive/Documentos/plataforma-servicos/apps/api/src/modules/prospecting/prospecting-flow.test.ts"}]}